<?xml version="1.0" encoding="UTF-8"?>
<!-- Generated by org.testng.reporters.JUnitReportReporter -->
<testsuite hostname="LAPTOP-G113SE6D" failures="0" tests="8" name="com.stackroute.TestNG.TestNG" time="11.357" errors="0" timestamp="2022-05-25T19:57:03 IST" skipped="0">
  <testcase classname="com.stackroute.TestNG.TestNG" name="launchapp" time="7.228"/>
  <system-out/>
  <testcase classname="com.stackroute.TestNG.TestNG" name="test03" time="0.533"/>
  <system-out/>
  <testcase classname="com.stackroute.TestNG.TestNG" name="test06" time="0.477"/>
  <system-out/>
  <testcase classname="com.stackroute.TestNG.TestNG" name="test04" time="0.980"/>
  <system-out/>
  <testcase classname="com.stackroute.TestNG.TestNG" name="test02" time="0.643"/>
  <system-out/>
  <testcase classname="com.stackroute.TestNG.TestNG" name="test05" time="0.639"/>
  <system-out/>
  <testcase classname="com.stackroute.TestNG.TestNG" name="test07" time="0.829"/>
  <system-out/>
  <testcase classname="com.stackroute.TestNG.TestNG" name="test01" time="0.028"/>
  <system-out/>
</testsuite> <!-- com.stackroute.TestNG.TestNG -->
