<?xml version="1.0" encoding="UTF-8"?>
<!-- Generated by org.testng.reporters.JUnitReportReporter -->
<testsuite hostname="LAPTOP-G113SE6D" failures="0" tests="5" name="com.stackroute.TestNG.TestNG" time="6.606" errors="0" timestamp="2022-05-09T16:14:12 IST" skipped="0">
  <testcase classname="com.stackroute.TestNG.TestNG" name="test03" time="0.488"/>
  <system-out/>
  <testcase classname="com.stackroute.TestNG.TestNG" name="test04" time="1.014"/>
  <system-out/>
  <testcase classname="com.stackroute.TestNG.TestNG" name="test01" time="0.018"/>
  <system-out/>
  <testcase classname="com.stackroute.TestNG.TestNG" name="test02" time="0.714"/>
  <system-out/>
  <testcase classname="com.stackroute.TestNG.TestNG" name="launchapp" time="4.372"/>
  <system-out/>
</testsuite> <!-- com.stackroute.TestNG.TestNG -->
